#
# There is insufficient memory for the Java Runtime Environment to continue.
# Native memory allocation (mmap) failed to map 100663296 bytes for Failed to commit area from 0x00000000a1400000 to 0x00000000a7400000 of length 100663296.
# Possible reasons:
#   The system is out of physical RAM or swap space
#   The process is running with CompressedOops enabled, and the Java Heap may be blocking the growth of the native heap
# Possible solutions:
#   Reduce memory load on the system
#   Increase physical memory or swap space
#   Check if swap backing store is full
#   Decrease Java heap size (-Xmx/-Xms)
#   Decrease number of Java threads
#   Decrease Java thread stack sizes (-Xss)
#   Set larger code cache with -XX:ReservedCodeCacheSize=
#   JVM is running with Unscaled Compressed Oops mode in which the Java heap is
#     placed in the first 4GB address space. The Java Heap base address is the
#     maximum limit for the native heap growth. Please use -XX:HeapBaseMinAddress
#     to set the Java Heap base and to place the Java Heap above 4GB virtual address.
# This output file may be truncated or incomplete.
#
#  Out of Memory Error (./open/src/hotspot/os/windows/os_windows.cpp:3315), pid=14188, tid=1088
#
# JRE version:  (14.0.2+12) (build )
# Java VM: Java HotSpot(TM) 64-Bit Server VM (14.0.2+12-46, mixed mode, sharing, tiered, compressed oops, g1 gc, windows-amd64)
# No core dump will be written. Minidumps are not enabled by default on client versions of Windows
#

---------------  S U M M A R Y ------------

Command Line: -javaagent:C:\Program Files\JetBrains\IntelliJ IDEA Community Edition 2020.2.2\lib\idea_rt.jar=64218:C:\Program Files\JetBrains\IntelliJ IDEA Community Edition 2020.2.2\bin -Dfile.encoding=UTF-8 Main

Host: Intel(R) Core(TM) i5-2450M CPU @ 2.50GHz, 4 cores, 5G,  Windows 10 , 64 bit Build 19041 (10.0.19041.546)
Time: Wed Dec  9 13:34:12 2020 Astrakhan Standard Time elapsed time: 0 seconds (0d 0h 0m 0s)

---------------  T H R E A D  ---------------

Current thread (0x000002544d5f7800):  JavaThread "Unknown thread" [_thread_in_vm, id=1088, stack(0x0000009245d00000,0x0000009245e00000)]

Stack: [0x0000009245d00000,0x0000009245e00000]
Native frames: (J=compiled Java code, j=interpreted, Vv=VM code, C=native code)
V  [jvm.dll+0x5f8a9a]
V  [jvm.dll+0x74247a]
V  [jvm.dll+0x743c2f]
V  [jvm.dll+0x744273]
V  [jvm.dll+0x20d288]
V  [jvm.dll+0x5f5dea]
V  [jvm.dll+0x5eac45]
V  [jvm.dll+0x2c7e9c]
V  [jvm.dll+0x2c7cd2]
V  [jvm.dll+0x2cdbbc]
V  [jvm.dll+0x313fe8]
V  [jvm.dll+0x313710]
V  [jvm.dll+0x2a092a]
V  [jvm.dll+0x2a1a79]
V  [jvm.dll+0x71fd48]
V  [jvm.dll+0x321c14]
V  [jvm.dll+0x70112c]
V  [jvm.dll+0x392def]
V  [jvm.dll+0x394e61]
C  [jli.dll+0x524b]
C  [ucrtbase.dll+0x214c2]
C  [KERNEL32.DLL+0x17034]
C  [ntdll.dll+0x4cec1]


---------------  P R O C E S S  ---------------

Threads class SMR info:
_java_thread_list=0x00007ffd85c33038, length=0, elements={
}

Java Threads: ( => current thread )

Other Threads:
  0x000002544d630000 GCTaskThread "GC Thread#0" [stack: 0x0000009245e00000,0x0000009245f00000] [id=7976]
  0x000002544d63e800 ConcurrentGCThread "G1 Main Marker" [stack: 0x0000009245f00000,0x0000009246000000] [id=2324]
  0x000002544d644000 ConcurrentGCThread "G1 Conc#0" [stack: 0x0000009246000000,0x0000009246100000] [id=9116]

[error occurred during error reporting (printing all threads), id 0xc0000005, EXCEPTION_ACCESS_VIOLATION (0xc0000005) at pc=0x00007ffd85461257]

VM state:not at safepoint (not fully initialized)

VM Mutex/Monitor currently owned by a thread:  ([mutex/lock_event])
[0x000002544d5f2200] Heap_lock - owner thread: 0x000002544d5f7800

Heap address: 0x00000000a1400000, size: 1516 MB, Compressed Oops mode: 32-bit
Narrow klass base: 0x0000000000000000, Narrow klass shift: 0

GC Heap History (0 events):
No events

Deoptimization events (0 events):
No events

Classes unloaded (0 events):
No events

Classes redefined (0 events):
No events

Internal exceptions (0 events):
No events

Events (2 events):
Event: 0.066 Loaded shared library C:\Program Files\Java\jdk-14.0.2\bin\java.dll
Event: 0.066 Loaded shared library C:\Program Files\Java\jdk-14.0.2\bin\zip.dll


Dynamic libraries:
0x00007ff7c09a0000 - 0x00007ff7c09af000 	C:\Program Files\Java\jdk-14.0.2\bin\java.exe
0x00007ffdc3690000 - 0x00007ffdc3886000 	C:\Windows\SYSTEM32\ntdll.dll
0x00007ffdc2650000 - 0x00007ffdc270d000 	C:\Windows\System32\KERNEL32.DLL
0x00007ffdc1150000 - 0x00007ffdc1418000 	C:\Windows\System32\KERNELBASE.dll
0x00007ffdc0eb0000 - 0x00007ffdc0fb0000 	C:\Windows\System32\ucrtbase.dll
0x00007ffdaaca0000 - 0x00007ffdaacb8000 	C:\Program Files\Java\jdk-14.0.2\bin\jli.dll
0x00007ffdc25a0000 - 0x00007ffdc264c000 	C:\Windows\System32\ADVAPI32.dll
0x00007ffdc2960000 - 0x00007ffdc29fe000 	C:\Windows\System32\msvcrt.dll
0x00007ffdc2710000 - 0x00007ffdc27ab000 	C:\Windows\System32\sechost.dll
0x00007ffdc1c80000 - 0x00007ffdc1da4000 	C:\Windows\System32\RPCRT4.dll
0x00007ffdc2a00000 - 0x00007ffdc2ba0000 	C:\Windows\System32\USER32.dll
0x00007ffdc0dd0000 - 0x00007ffdc0df2000 	C:\Windows\System32\win32u.dll
0x00007ffdc2260000 - 0x00007ffdc228a000 	C:\Windows\System32\GDI32.dll
0x00007ffdc15e0000 - 0x00007ffdc16e9000 	C:\Windows\System32\gdi32full.dll
0x00007ffdc0fb0000 - 0x00007ffdc104d000 	C:\Windows\System32\msvcp_win.dll
0x00007ffdad830000 - 0x00007ffdadacb000 	C:\Windows\WinSxS\amd64_microsoft.windows.common-controls_6595b64144ccf1df_6.0.19041.488_none_ca04af081b815d21\COMCTL32.dll
0x00007ffdb8630000 - 0x00007ffdb863a000 	C:\Windows\SYSTEM32\VERSION.dll
0x00007ffdaacc0000 - 0x00007ffdaacd5000 	C:\Program Files\Java\jdk-14.0.2\bin\VCRUNTIME140.dll
0x00007ffdc1f20000 - 0x00007ffdc1f50000 	C:\Windows\System32\IMM32.DLL
0x00007ffd9ef30000 - 0x00007ffd9efcb000 	C:\Program Files\Java\jdk-14.0.2\bin\msvcp140.dll
0x00007ffd851b0000 - 0x00007ffd85cce000 	C:\Program Files\Java\jdk-14.0.2\bin\server\jvm.dll
0x00007ffdc23a0000 - 0x00007ffdc23a8000 	C:\Windows\System32\PSAPI.DLL
0x00007ffdbba10000 - 0x00007ffdbba19000 	C:\Windows\SYSTEM32\WSOCK32.dll
0x00007ffdc21f0000 - 0x00007ffdc225b000 	C:\Windows\System32\WS2_32.dll
0x00007ffdb7f00000 - 0x00007ffdb7f27000 	C:\Windows\SYSTEM32\WINMM.dll
0x00007ffdbed20000 - 0x00007ffdbed32000 	C:\Windows\SYSTEM32\kernel.appcore.dll
0x00007ffdb6bd0000 - 0x00007ffdb6bda000 	C:\Program Files\Java\jdk-14.0.2\bin\jimage.dll
0x00007ffdae1f0000 - 0x00007ffdae3d4000 	C:\Windows\SYSTEM32\DBGHELP.DLL
0x00007ffdae1c0000 - 0x00007ffdae1ec000 	C:\Windows\SYSTEM32\dbgcore.DLL
0x00007ffdc0e30000 - 0x00007ffdc0eaf000 	C:\Windows\System32\bcryptPrimitives.dll
0x00007ffdbccf0000 - 0x00007ffdbccfe000 	C:\Program Files\Java\jdk-14.0.2\bin\instrument.dll
0x00007ffdaa8f0000 - 0x00007ffdaa915000 	C:\Program Files\Java\jdk-14.0.2\bin\java.dll
0x00007ffdaa9b0000 - 0x00007ffdaa9c6000 	C:\Program Files\Java\jdk-14.0.2\bin\zip.dll

dbghelp: loaded successfully - version: 4.0.5 - missing functions: none
symbol engine: initialized successfully - sym options: 0x614 - pdb path: .;C:\Program Files\Java\jdk-14.0.2\bin;C:\Windows\SYSTEM32;C:\Windows\WinSxS\amd64_microsoft.windows.common-controls_6595b64144ccf1df_6.0.19041.488_none_ca04af081b815d21;C:\Program Files\Java\jdk-14.0.2\bin\server

VM Arguments:
jvm_args: -javaagent:C:\Program Files\JetBrains\IntelliJ IDEA Community Edition 2020.2.2\lib\idea_rt.jar=64218:C:\Program Files\JetBrains\IntelliJ IDEA Community Edition 2020.2.2\bin -Dfile.encoding=UTF-8 
java_command: Main
java_class_path (initial): F:\intellij_h-w\lab_1_OS\out\production\lab_1_OS
Launcher Type: SUN_STANDARD

[Global flags]
     intx CICompilerCount                          = 3                                         {product} {ergonomic}
     uint ConcGCThreads                            = 1                                         {product} {ergonomic}
     uint G1ConcRefinementThreads                  = 4                                         {product} {ergonomic}
   size_t G1HeapRegionSize                         = 1048576                                   {product} {ergonomic}
    uintx GCDrainStackTargetSize                   = 64                                        {product} {ergonomic}
   size_t InitialHeapSize                          = 100663296                                 {product} {ergonomic}
   size_t MarkStackSize                            = 4194304                                   {product} {ergonomic}
   size_t MaxHeapSize                              = 1589641216                                {product} {ergonomic}
   size_t MinHeapDeltaBytes                        = 1048576                                   {product} {ergonomic}
   size_t MinHeapSize                              = 8388608                                   {product} {ergonomic}
    uintx NonNMethodCodeHeapSize                   = 5832780                                {pd product} {ergonomic}
    uintx NonProfiledCodeHeapSize                  = 122912730                              {pd product} {ergonomic}
    uintx ProfiledCodeHeapSize                     = 122912730                              {pd product} {ergonomic}
    uintx ReservedCodeCacheSize                    = 251658240                              {pd product} {ergonomic}
     bool SegmentedCodeCache                       = true                                      {product} {ergonomic}
   size_t SoftMaxHeapSize                          = 1589641216                             {manageable} {ergonomic}
     bool UseCompressedClassPointers               = true                                 {lp64_product} {ergonomic}
     bool UseCompressedOops                        = true                                 {lp64_product} {ergonomic}
     bool UseG1GC                                  = true                                      {product} {ergonomic}
     bool UseLargePagesIndividualAllocation        = false                                  {pd product} {ergonomic}

Logging:
Log output configuration:
 #0: stdout all=warning uptime,level,tags
 #1: stderr all=off uptime,level,tags

Environment Variables:
PATH=C:\Windows\system32;C:\Windows;C:\Windows\System32\Wbem;C:\Windows\System32\WindowsPowerShell\v1.0\;C:\Windows\System32\OpenSSH\;C:\Program Files\dotnet\;C:\Program Files\Microsoft SQL Server\Client SDK\ODBC\170\Tools\Binn\;C:\Program Files\Microsoft SQL Server\130\Tools\Binn\;C:\Program Files\Git\cmd;C:\Program Files\PostgreSQL\13\bin;C:\Program Files\PostgreSQL\13\lib;C:\Users\engal\AppData\Local\Microsoft\WindowsApps;C:\Users\engal\.dotnet\tools;C:\Users\engal\AppData\Local\Programs\Microsoft VS Code\bin
USERNAME=engal
OS=Windows_NT
PROCESSOR_IDENTIFIER=Intel64 Family 6 Model 42 Stepping 7, GenuineIntel



---------------  S Y S T E M  ---------------

OS: Windows 10 , 64 bit Build 19041 (10.0.19041.546)
OS uptime: 3 days 1:40 hours

CPU:total 4 (initial active 4) (2 cores per cpu, 2 threads per core) family 6 model 42 stepping 7, cmov, cx8, fxsr, mmx, sse, sse2, sse3, ssse3, sse4.1, sse4.2, popcnt, avx, aes, clmul, ht, tsc, tscinvbit

Memory: 4k page, system-wide physical 6057M (1220M free)
TotalPageFile size 7721M (AvailPageFile size 35M)
current process WorkingSet (physical memory assigned to process): 10M, peak: 10M
current process commit charge ("private bytes"): 51M, peak: 147M

vm_info: Java HotSpot(TM) 64-Bit Server VM (14.0.2+12-46) for windows-amd64 JRE (14.0.2+12-46), built on Jul  9 2020 00:35:52 by "mach5one" with MS VC++ 15.9 (VS2017)

END.
